# JRE version: OpenJDK Runtime Environment JBR-21.0.7+9-982.16-nomod (21.0.7+9) (build 21.0.7+9-b982.16)
# Java VM: OpenJDK 64-Bit Server VM JBR-21.0.7+9-982.16-nomod (21.0.7+9-b982.16, mixed mode, sharing, tiered, compressed oops, compressed class ptrs, g1 gc, windows-amd64)
GC Precious Log:
 CardTable entry size: 512
 Card Set container configuration: InlinePtr #cards 5 size 8 Array Of Cards #cards 12 size 40 Howl #buckets 4 coarsen threshold 1843 Howl Bitmap #cards 512 size 80 coarsen threshold 460 Card regions per heap region 1 cards per card region 2048
 CPUs: 8 total, 8 available
 Memory: 16057M
 Large Page Support: Disabled
 NUMA Support: Disabled
 Compressed Oops: Enabled (32-bit)
 Heap Region Size: 1M
 Heap Min Capacity: 8M
 Heap Initial Capacity: 252M
 Heap Max Capacity: 2G
 Pre-touch: Disabled
 Parallel Workers: 8
 Concurrent Workers: 2
 Concurrent Refinement Workers: 8
 Periodic GC: Disabled
Heap:
 garbage-first heap   total 275456K, used 201116K [0x0000000080000000, 0x0000000100000000)
  region size 1024K, 43 young (44032K), 9 survivors (9216K)
 Metaspace       used 123161K, committed 125568K, reserved 1179648K
  class space    used 16628K, committed 17856K, reserved 1048576K
GC Heap History (20 events):
Event: 19.809 GC heap before
{Heap before GC invocations=33 (full 0):
 garbage-first heap   total 199680K, used 171949K [0x0000000080000000, 0x0000000100000000)
  region size 1024K, 57 young (58368K), 5 survivors (5120K)
 Metaspace       used 89507K, committed 91520K, reserved 1179648K
  class space    used 12533K, committed 13568K, reserved 1048576K
}
Event: 19.813 GC heap after
{Heap after GC invocations=34 (full 0):
 garbage-first heap   total 199680K, used 119526K [0x0000000080000000, 0x0000000100000000)
  region size 1024K, 3 young (3072K), 3 survivors (3072K)
 Metaspace       used 89507K, committed 91520K, reserved 1179648K
  class space    used 12533K, committed 13568K, reserved 1048576K
}
Event: 20.502 GC heap before
{Heap before GC invocations=34 (full 0):
 garbage-first heap   total 199680K, used 183014K [0x0000000080000000, 0x0000000100000000)
  region size 1024K, 65 young (66560K), 3 survivors (3072K)
 Metaspace       used 94075K, committed 96192K, reserved 1179648K
  class space    used 13190K, committed 14272K, reserved 1048576K
}
Event: 20.507 GC heap after
{Heap after GC invocations=35 (full 0):
 garbage-first heap   total 199680K, used 120897K [0x0000000080000000, 0x0000000100000000)
  region size 1024K, 5 young (5120K), 5 survivors (5120K)
 Metaspace       used 94075K, committed 96192K, reserved 1179648K
  class space    used 13190K, committed 14272K, reserved 1048576K
}
Event: 20.700 GC heap before
{Heap before GC invocations=35 (full 0):
 garbage-first heap   total 199680K, used 129089K [0x0000000080000000, 0x0000000100000000)
  region size 1024K, 14 young (14336K), 5 survivors (5120K)
 Metaspace       used 95118K, committed 97280K, reserved 1179648K
  class space    used 13307K, committed 14400K, reserved 1048576K
}
Event: 20.705 GC heap after
{Heap after GC invocations=36 (full 0):
 garbage-first heap   total 199680K, used 122014K [0x0000000080000000, 0x0000000100000000)
  region size 1024K, 6 young (6144K), 6 survivors (6144K)
 Metaspace       used 95118K, committed 97280K, reserved 1179648K
  class space    used 13307K, committed 14400K, reserved 1048576K
}
Event: 21.634 GC heap before
{Heap before GC invocations=37 (full 0):
 garbage-first heap   total 214016K, used 195742K [0x0000000080000000, 0x0000000100000000)
  region size 1024K, 64 young (65536K), 6 survivors (6144K)
 Metaspace       used 101474K, committed 103744K, reserved 1179648K
  class space    used 14215K, committed 15360K, reserved 1048576K
}
Event: 21.641 GC heap after
{Heap after GC invocations=38 (full 0):
 garbage-first heap   total 214016K, used 144204K [0x0000000080000000, 0x0000000100000000)
  region size 1024K, 8 young (8192K), 8 survivors (8192K)
 Metaspace       used 101474K, committed 103744K, reserved 1179648K
  class space    used 14215K, committed 15360K, reserved 1048576K
}
Event: 22.380 GC heap before
{Heap before GC invocations=38 (full 0):
 garbage-first heap   total 214016K, used 195404K [0x0000000080000000, 0x0000000100000000)
  region size 1024K, 57 young (58368K), 8 survivors (8192K)
 Metaspace       used 106519K, committed 108800K, reserved 1179648K
  class space    used 14809K, committed 15936K, reserved 1048576K
}
Event: 22.387 GC heap after
{Heap after GC invocations=39 (full 0):
 garbage-first heap   total 214016K, used 146605K [0x0000000080000000, 0x0000000100000000)
  region size 1024K, 3 young (3072K), 3 survivors (3072K)
 Metaspace       used 106519K, committed 108800K, reserved 1179648K
  class space    used 14809K, committed 15936K, reserved 1048576K
}
Event: 23.235 GC heap before
{Heap before GC invocations=39 (full 0):
 garbage-first heap   total 214016K, used 197805K [0x0000000080000000, 0x0000000100000000)
  region size 1024K, 54 young (55296K), 3 survivors (3072K)
 Metaspace       used 111662K, committed 113920K, reserved 1179648K
  class space    used 15435K, committed 16576K, reserved 1048576K
}
Event: 23.241 GC heap after
{Heap after GC invocations=40 (full 0):
 garbage-first heap   total 214016K, used 149507K [0x0000000080000000, 0x0000000100000000)
  region size 1024K, 6 young (6144K), 6 survivors (6144K)
 Metaspace       used 111662K, committed 113920K, reserved 1179648K
  class space    used 15435K, committed 16576K, reserved 1048576K
}
Event: 24.146 GC heap before
{Heap before GC invocations=41 (full 0):
 garbage-first heap   total 250880K, used 197635K [0x0000000080000000, 0x0000000100000000)
  region size 1024K, 49 young (50176K), 6 survivors (6144K)
 Metaspace       used 118975K, committed 121216K, reserved 1179648K
  class space    used 16214K, committed 17344K, reserved 1048576K
}
Event: 24.154 GC heap after
{Heap after GC invocations=42 (full 0):
 garbage-first heap   total 250880K, used 153013K [0x0000000080000000, 0x0000000100000000)
  region size 1024K, 7 young (7168K), 7 survivors (7168K)
 Metaspace       used 118975K, committed 121216K, reserved 1179648K
  class space    used 16214K, committed 17344K, reserved 1048576K
}
Event: 25.756 GC heap before
{Heap before GC invocations=42 (full 0):
 garbage-first heap   total 250880K, used 224693K [0x0000000080000000, 0x0000000100000000)
  region size 1024K, 78 young (79872K), 7 survivors (7168K)
 Metaspace       used 120770K, committed 123072K, reserved 1179648K
  class space    used 16383K, committed 17600K, reserved 1048576K
}
Event: 25.770 GC heap after
{Heap after GC invocations=43 (full 0):
 garbage-first heap   total 250880K, used 160124K [0x0000000080000000, 0x0000000100000000)
  region size 1024K, 10 young (10240K), 10 survivors (10240K)
 Metaspace       used 120770K, committed 123072K, reserved 1179648K
  class space    used 16383K, committed 17600K, reserved 1048576K
}
Event: 26.196 GC heap before
{Heap before GC invocations=43 (full 0):
 garbage-first heap   total 250880K, used 225660K [0x0000000080000000, 0x0000000100000000)
  region size 1024K, 75 young (76800K), 10 survivors (10240K)
 Metaspace       used 120909K, committed 123264K, reserved 1179648K
  class space    used 16383K, committed 17600K, reserved 1048576K
}
Event: 26.204 GC heap after
{Heap after GC invocations=44 (full 0):
 garbage-first heap   total 250880K, used 163884K [0x0000000080000000, 0x0000000100000000)
  region size 1024K, 5 young (5120K), 5 survivors (5120K)
 Metaspace       used 120909K, committed 123264K, reserved 1179648K
  class space    used 16383K, committed 17600K, reserved 1048576K
}
Event: 27.554 GC heap before
{Heap before GC invocations=45 (full 0):
 garbage-first heap   total 275456K, used 230444K [0x0000000080000000, 0x0000000100000000)
  region size 1024K, 70 young (71680K), 5 survivors (5120K)
 Metaspace       used 121454K, committed 123712K, reserved 1179648K
  class space    used 16432K, committed 17600K, reserved 1048576K
}
Event: 27.561 GC heap after
{Heap after GC invocations=46 (full 0):
 garbage-first heap   total 275456K, used 167324K [0x0000000080000000, 0x0000000100000000)
  region size 1024K, 9 young (9216K), 9 survivors (9216K)
 Metaspace       used 121454K, committed 123712K, reserved 1179648K
  class space    used 16432K, committed 17600K, reserved 1048576K
}

